<?xml version="1.0" encoding="UTF-8"?>
<!-- Generated by org.testng.reporters.JUnitReportReporter -->
<testsuite hostname="MSI" failures="0" tests="3" name="Vehicles" time="0.017" errors="0" timestamp="11 Jul 2022 15:09:44 GMT" skipped="1">
  <testcase classname="Vehicles" name="car" time="0.015"/>
  <testcase classname="Vehicles" name="petrol" time="0.002"/>
  <testcase classname="Vehicles" name="diesel">
    <skipped/>
  </testcase> <!-- diesel -->
</testsuite> <!-- Vehicles -->
