<?xml version="1.0" encoding="UTF-8"?>
<!-- Generated by org.testng.reporters.JUnitReportReporter -->
<testsuite hostname="MSI" failures="0" tests="4" name="Demo1" time="0.064" errors="0" timestamp="08 Jul 2022 15:43:17 GMT" skipped="0">
  <testcase classname="Demo1" name="Homepage" time="0.025"/>
  <testcase classname="Demo1" name="LoginPage" time="0.013"/>
  <testcase classname="Demo1" name="Cart" time="0.010"/>
  <testcase classname="Demo1" name="Payment" time="0.016"/>
</testsuite> <!-- Demo1 -->
