<?xml version="1.0" encoding="UTF-8"?>
<!-- Generated by org.testng.reporters.JUnitReportReporter -->
<testsuite hostname="MSI" failures="0" tests="2" name="Demo" time="0.012" errors="0" timestamp="11 Jul 2022 14:32:45 GMT" skipped="0">
  <testcase classname="Demo" name="test1" time="0.009"/>
  <testcase classname="Demo" name="test2" time="0.003"/>
</testsuite> <!-- Demo -->
